net,sta,loc,cha,lat,lon,ele,dep,azi,dip,inst,const,per,unit,samp,start,stop,alias
IV,CRE,,BHE,43.61888,11.95167,1215,0,90,0,NANOMETRICS TRILLIUM-40,1747630000,0.2,M/S,50,2006-12-07T10:30:00,2008-04-04T08:17:00,CRE
GU,IMI,,BHE,43.9105,7.89317,840,0,90,0,NANOMETRICS TRILLIUM-40,1500000000,0.2,M/S,20,2007-05-30T12:00:00,,IMI
IV,SGO,,HHE,40.56045,15.30738,651,0,90,0,NANOMETRICS TRILLIUM-40,1179650000,0.2,M/S,100,2020-03-03T00:00:00,,SGO
7C,SPAOL,,HH1,37.54939,15.071367,301,50,305,0,NANOMETRICS TRILLIUM-120C,299470000,1,M/S,100,2022-04-06T00:00:00,,A001
IV,MALA2,,EHE,43.003587,11.478221,414,0,90,0,MARK L-4C-171,215168000,0.2,M/S,200,2022-04-13T18:00:00,,A002
IV,MALA5,,EHE,43.007009,11.47807,444,0,90,0,MARK L-4C-171,215168000,0.2,M/S,200,2022-04-13T18:00:00,,A003
IV,SCIAC,,HHE,37.516469,13.101908,181,0,90,0,LENNARTZ LE3D-20S,786432000,1,M/S,100,2019-07-25T08:59:32,2021-04-09T08:59:00,A004
IV,ARCI,,BHE,42.8519,11.4754,1080,0,90,0,NANOMETRICS TRILLIUM-40,1500000000,0.2,M/S,20,2005-05-04T10:50:00,2019-02-05T09:00:00,ARCI
IV,ATFO,,BHE,43.3666,12.5715,960,1,90,0,NANOMETRICS TRILLIUM-40,1179650000,0.2,M/S,20,2009-08-10T15:00:00,,ATFO
IV,ATMI,,BHE,43.33419,12.26801,581,1,90,0,NANOMETRICS TRILLIUM-40,1179650000,0.2,M/S,20,2009-11-24T00:00:00,,ATMI
IV,ATPI,,EHE,43.45068,12.40222,694,1,90,0,LENNARTZ LE3D-5S,503316000,0.2,M/S,100,2009-03-17T12:00:00,,ATPI
IV,ATVO,,BHE,43.38211,12.40663,638,1,90,0,NANOMETRICS TRILLIUM-40,1179650000,0.2,M/S,20,2009-10-27T00:00:00,,ATVO
IV,BARO,,EHE,42.24795,12.05123,350,0,90,0,Lunitek Tellus_5s,314573000,5,M/S,100,2019-03-20T00:00:00,,BARO
IV,CAFI,,BHE,43.3292,11.9663,547,0,90,0,NANOMETRICS TRILLIUM-40,1500000000,0.2,M/S,20,2007-09-12T12:00:00,2019-09-03T09:46:00,CAFI
IV,CASP,,BHE,42.7908,10.8652,390,0,90,0,NANOMETRICS TRILLIUM-40,1500000000,0.2,M/S,20,2007-05-30T19:00:00,2020-10-07T09:46:00,CASP
IV,FOSV,,EHE,43.29483,12.76117,559,0,90,0,LENNARTZ LE3D-5S,503316000,1,M/S,100,2011-08-02T10:00:00,,FOSV
IV,MCIV,,CHE,42.77861,11.6765,790,0,90,0,NANOMETRICS TRILLIUM-40,1179650000,0.2,M/S,250,2018-08-04T00:00:01,,MCIV
IV,MGAB,,BHE,42.91263,12.11214,547,0,90,0,NANOMETRICS TRILLIUM-40,1500000000,0.2,M/S,20,2008-04-09T11:11:00,2020-06-23T09:46:39,MGAB
IV,MOMA,,BHE,42.80387,12.570071,1040,0,90,0,NANOMETRICS TRILLIUM-40,1179650000,0.2,M/S,20,2011-08-08T14:00:00,,MOMA
IV,MURB,,BHE,43.263,12.5246,845,0,90,0,NANOMETRICS TRILLIUM-40,1500000000,0.2,M/S,20,2004-01-23T00:00:00,2010-04-15T10:50:00,MURB
IV,NRCA,,BHE,42.83355,13.11427,927,0,90,0,NANOMETRICS TRILLIUM-40,1179650000,0.2,M/S,20,2008-11-24T12:00:00,,NRCA
IV,PIEI,,BHE,43.53567,12.535,665,0,90,0,NANOMETRICS TRILLIUM-40,873813000,0.2,M/S,50,2005-11-08T14:30:00,2007-03-30T12:00:00,PIEI
IV,SACR,,BHE,41.3974,14.7057,859,0,90,0,NANOMETRICS TRILLIUM-40,1500000000,0.2,M/S,20,2004-06-10T00:00:00,,SACR
IV,SACS,,BHE,42.84906,11.90967,845,0,90,0,NANOMETRICS TRILLIUM-40,1500000000,0.2,M/S,20,2004-12-16T00:00:00,2009-05-29T14:53:00,SACS
TV,SF11,,HHE,42.868614,11.67894,831,0,90,0,Guralp CMG-6TD,2238530000,0.05,M/S,100,2016-03-23T00:00:00,,SF11
