 SGG41N23.20  14E22.75  880
 SGG*     0     1.00
AGLI41N 7.61   9E10.40  180
AGLI*     0     1.00
BAG845N49.37  10E27.98  807
BAG8*     0     1.00
CANO44N12.45   8E14.23  590
CANO*     0     1.00
CDRU40N29.38  15E18.28 1057
CDRU*     0     1.00
CERA41N35.87  14E 1.10  800
CERA*     0     1.00
CIMO46N18.70  12E26.69  710
CIMO*     0     1.00
PAOL41N 1.87  14E34.05  715
PAOL*     0     1.00
PIGN41N12.00  14E10.79  396
PIGN*     0     1.00
POFI41N43.05  13E42.72  878
POFI*     0     1.00
PTRJ41N21.85  14E31.74 1027
PTRJ*     0     1.00
RNI241N42.20  14E 9.14  950
RNI2*     0     1.00
SALB39N52.63  16E20.75 1200
SALB*     0     1.00
VAGA41N24.92  14E14.05  795
VAGA*     0     1.00
VITU41N11.00  14E37.81  847
VITU*     0     1.00
